{"/home/tsx/node/yellow/testove/v2/nestjs-grpc/filter-service/src/config/config.ts": {"path":"/home/tsx/node/yellow/testove/v2/nestjs-grpc/filter-service/src/config/config.ts","statementMap":{"0":{"start":{"line":1,"column":0},"end":{"line":1,"column":27}},"1":{"start":{"line":3,"column":13},"end":{"line":6,"column":3}}},"fnMap":{},"branchMap":{},"s":{"0":1,"1":1},"f":{},"b":{}}
,"/home/tsx/node/yellow/testove/v2/nestjs-grpc/filter-service/src/users/users.controller.ts": {"path":"/home/tsx/node/yellow/testove/v2/nestjs-grpc/filter-service/src/users/users.controller.ts","statementMap":{"0":{"start":{"line":1,"column":0},"end":{"line":1,"column":52}},"1":{"start":{"line":2,"column":0},"end":{"line":2,"column":51}},"2":{"start":{"line":3,"column":0},"end":{"line":3,"column":47}},"3":{"start":{"line":4,"column":0},"end":{"line":4,"column":94}},"4":{"start":{"line":5,"column":0},"end":{"line":5,"column":46}},"5":{"start":{"line":6,"column":0},"end":{"line":6,"column":44}},"6":{"start":{"line":7,"column":0},"end":{"line":7,"column":58}},"7":{"start":{"line":11,"column":28},"end":{"line":25,"column":null}},"8":{"start":{"line":12,"column":28},"end":{"line":12,"column":60}},"9":{"start":{"line":14,"column":31},"end":{"line":14,"column":45}},"10":{"start":{"line":18,"column":4},"end":{"line":23,"column":6}},"11":{"start":{"line":20,"column":8},"end":{"line":20,"column":80}},"12":{"start":{"line":21,"column":8},"end":{"line":21,"column":37}},"13":{"start":{"line":21,"column":32},"end":{"line":21,"column":35}},"14":{"start":{"line":11,"column":13},"end":{"line":11,"column":28}},"15":{"start":{"line":17,"column":2},"end":{"line":24,"column":null}},"16":{"start":{"line":11,"column":13},"end":{"line":25,"column":null}}},"fnMap":{"0":{"name":"(anonymous_2)","decl":{"start":{"line":14,"column":2},"end":{"line":14,"column":31}},"loc":{"start":{"line":14,"column":57},"end":{"line":14,"column":61}}},"1":{"name":"(anonymous_3)","decl":{"start":{"line":17,"column":2},"end":{"line":17,"column":18}},"loc":{"start":{"line":17,"column":33},"end":{"line":24,"column":3}}},"2":{"name":"(anonymous_4)","decl":{"start":{"line":19,"column":17},"end":{"line":19,"column":18}},"loc":{"start":{"line":19,"column":25},"end":{"line":22,"column":7}}},"3":{"name":"(anonymous_5)","decl":{"start":{"line":21,"column":26},"end":{"line":21,"column":29}},"loc":{"start":{"line":21,"column":32},"end":{"line":21,"column":35}}}},"branchMap":{},"s":{"0":1,"1":1,"2":1,"3":1,"4":1,"5":1,"6":1,"7":1,"8":1,"9":1,"10":1,"11":0,"12":0,"13":0,"14":1,"15":1,"16":1},"f":{"0":1,"1":1,"2":0,"3":0},"b":{}}
,"/home/tsx/node/yellow/testove/v2/nestjs-grpc/filter-service/src/users/users.service.ts": {"path":"/home/tsx/node/yellow/testove/v2/nestjs-grpc/filter-service/src/users/users.service.ts","statementMap":{"0":{"start":{"line":1,"column":0},"end":{"line":1,"column":52}},"1":{"start":{"line":2,"column":0},"end":{"line":2,"column":47}},"2":{"start":{"line":3,"column":0},"end":{"line":3,"column":38}},"3":{"start":{"line":4,"column":0},"end":{"line":4,"column":34}},"4":{"start":{"line":6,"column":0},"end":{"line":6,"column":41}},"5":{"start":{"line":10,"column":25},"end":{"line":112,"column":null}},"6":{"start":{"line":11,"column":28},"end":{"line":11,"column":57}},"7":{"start":{"line":13,"column":31},"end":{"line":13,"column":46}},"8":{"start":{"line":20,"column":21},"end":{"line":20,"column":70}},"9":{"start":{"line":21,"column":23},"end":{"line":21,"column":51}},"10":{"start":{"line":23,"column":4},"end":{"line":23,"column":47}},"11":{"start":{"line":30,"column":19},"end":{"line":30,"column":67}},"12":{"start":{"line":31,"column":19},"end":{"line":31,"column":40}},"13":{"start":{"line":32,"column":4},"end":{"line":32,"column":31}},"14":{"start":{"line":39,"column":4},"end":{"line":52,"column":7}},"15":{"start":{"line":40,"column":6},"end":{"line":40,"column":83}},"16":{"start":{"line":40,"column":37},"end":{"line":40,"column":81}},"17":{"start":{"line":42,"column":6},"end":{"line":45,"column":9}},"18":{"start":{"line":43,"column":8},"end":{"line":43,"column":58}},"19":{"start":{"line":44,"column":8},"end":{"line":44,"column":30}},"20":{"start":{"line":47,"column":6},"end":{"line":50,"column":9}},"21":{"start":{"line":48,"column":8},"end":{"line":48,"column":55}},"22":{"start":{"line":49,"column":8},"end":{"line":49,"column":30}},"23":{"start":{"line":104,"column":45},"end":{"line":104,"column":52}},"24":{"start":{"line":105,"column":4},"end":{"line":110,"column":6}},"25":{"start":{"line":10,"column":13},"end":{"line":10,"column":25}},"26":{"start":{"line":10,"column":13},"end":{"line":112,"column":null}}},"fnMap":{"0":{"name":"(anonymous_2)","decl":{"start":{"line":13,"column":2},"end":{"line":13,"column":31}},"loc":{"start":{"line":13,"column":59},"end":{"line":13,"column":63}}},"1":{"name":"(anonymous_3)","decl":{"start":{"line":19,"column":2},"end":{"line":19,"column":18}},"loc":{"start":{"line":19,"column":18},"end":{"line":24,"column":3}}},"2":{"name":"(anonymous_4)","decl":{"start":{"line":29,"column":10},"end":{"line":29,"column":23}},"loc":{"start":{"line":29,"column":40},"end":{"line":33,"column":3}}},"3":{"name":"(anonymous_5)","decl":{"start":{"line":38,"column":10},"end":{"line":38,"column":28}},"loc":{"start":{"line":38,"column":58},"end":{"line":53,"column":3}}},"4":{"name":"(anonymous_6)","decl":{"start":{"line":39,"column":32},"end":{"line":39,"column":33}},"loc":{"start":{"line":39,"column":47},"end":{"line":52,"column":5}}},"5":{"name":"(anonymous_7)","decl":{"start":{"line":40,"column":24},"end":{"line":40,"column":25}},"loc":{"start":{"line":40,"column":37},"end":{"line":40,"column":81}}},"6":{"name":"(anonymous_8)","decl":{"start":{"line":42,"column":27},"end":{"line":42,"column":28}},"loc":{"start":{"line":42,"column":35},"end":{"line":45,"column":7}}},"7":{"name":"(anonymous_9)","decl":{"start":{"line":47,"column":25},"end":{"line":47,"column":28}},"loc":{"start":{"line":47,"column":30},"end":{"line":50,"column":7}}},"8":{"name":"(anonymous_10)","decl":{"start":{"line":103,"column":10},"end":{"line":103,"column":23}},"loc":{"start":{"line":103,"column":36},"end":{"line":111,"column":3}}}},"branchMap":{"0":{"loc":{"start":{"line":109,"column":22},"end":{"line":109,"column":77}},"type":"cond-expr","locations":[{"start":{"line":109,"column":55},"end":{"line":109,"column":65}},{"start":{"line":109,"column":68},"end":{"line":109,"column":77}}]}},"s":{"0":1,"1":1,"2":1,"3":1,"4":1,"5":1,"6":1,"7":1,"8":1,"9":1,"10":1,"11":1,"12":1,"13":1,"14":1,"15":1,"16":6,"17":1,"18":0,"19":0,"20":1,"21":1,"22":1,"23":6,"24":6,"25":1,"26":1},"f":{"0":1,"1":1,"2":1,"3":1,"4":1,"5":6,"6":0,"7":1,"8":6},"b":{"0":[1,5]}}
}
