TN:
SF:src/config/config.ts
FNF:0
FNH:0
DA:1,1
DA:3,1
LF:2
LH:2
BRF:0
BRH:0
end_of_record
TN:
SF:src/users/users.controller.ts
FN:14,(anonymous_2)
FN:17,(anonymous_3)
FN:19,(anonymous_4)
FN:21,(anonymous_5)
FNF:4
FNH:2
FNDA:1,(anonymous_2)
FNDA:1,(anonymous_3)
FNDA:0,(anonymous_4)
FNDA:0,(anonymous_5)
DA:1,1
DA:2,1
DA:3,1
DA:4,1
DA:5,1
DA:6,1
DA:7,1
DA:11,1
DA:12,1
DA:14,1
DA:17,1
DA:18,1
DA:20,0
DA:21,0
LF:14
LH:12
BRF:0
BRH:0
end_of_record
TN:
SF:src/users/users.service.ts
FN:13,(anonymous_2)
FN:19,(anonymous_3)
FN:29,(anonymous_4)
FN:38,(anonymous_5)
FN:39,(anonymous_6)
FN:40,(anonymous_7)
FN:42,(anonymous_8)
FN:47,(anonymous_9)
FN:103,(anonymous_10)
FNF:9
FNH:8
FNDA:1,(anonymous_2)
FNDA:1,(anonymous_3)
FNDA:1,(anonymous_4)
FNDA:1,(anonymous_5)
FNDA:1,(anonymous_6)
FNDA:6,(anonymous_7)
FNDA:0,(anonymous_8)
FNDA:1,(anonymous_9)
FNDA:6,(anonymous_10)
DA:1,1
DA:2,1
DA:3,1
DA:4,1
DA:6,1
DA:10,1
DA:11,1
DA:13,1
DA:20,1
DA:21,1
DA:23,1
DA:30,1
DA:31,1
DA:32,1
DA:39,1
DA:40,6
DA:42,1
DA:43,0
DA:44,0
DA:47,1
DA:48,1
DA:49,1
DA:104,6
DA:105,6
LF:24
LH:22
BRDA:109,0,0,1
BRDA:109,0,1,5
BRF:2
BRH:2
end_of_record
